<?xml version="1.0" encoding="UTF-8"?>
<testng-results ignored="0" total="1" passed="1" failed="0" skipped="0">
  <reporter-output>
  </reporter-output>
  <suite started-at="2022-07-06T21:02:02 IST" name="Default suite" finished-at="2022-07-06T21:02:26 IST" duration-ms="23766">
    <groups>
    </groups>
    <test started-at="2022-07-06T21:02:02 IST" name="Default test" finished-at="2022-07-06T21:02:26 IST" duration-ms="23766">
      <class name="com.qa.TestLayer.Trading_Test">
        <test-method is-config="true" signature="setup()[pri:0, instance:com.qa.TestLayer.Trading_Test@402bba4f]" started-at="2022-07-06T21:02:02 IST" name="setup" finished-at="2022-07-06T21:02:13 IST" duration-ms="11490" status="PASS">
          <reporter-output>
          </reporter-output>
        </test-method> <!-- setup -->
        <test-method signature="verifyBuyShare()[pri:0, instance:com.qa.TestLayer.Trading_Test@402bba4f]" started-at="2022-07-06T21:02:13 IST" name="verifyBuyShare" finished-at="2022-07-06T21:02:26 IST" duration-ms="12230" status="PASS">
          <reporter-output>
          </reporter-output>
        </test-method> <!-- verifyBuyShare -->
        <test-method is-config="true" signature="teardown()[pri:0, instance:com.qa.TestLayer.Trading_Test@402bba4f]" started-at="2022-07-06T21:02:26 IST" name="teardown" finished-at="2022-07-06T21:02:26 IST" duration-ms="0" status="PASS">
          <reporter-output>
          </reporter-output>
        </test-method> <!-- teardown -->
      </class> <!-- com.qa.TestLayer.Trading_Test -->
    </test> <!-- Default test -->
  </suite> <!-- Default suite -->
</testng-results>
